<?xml version="1.0" encoding="UTF-8"?>
<testsuite xmlns:xsi="http://www.w3.org/2001/XMLSchema-instance" xsi:noNamespaceSchemaLocation="https://maven.apache.org/surefire/maven-surefire-plugin/xsd/surefire-test-report-3.0.xsd" version="3.0" name="julius.game.chessengine.ai.BestMoveSearchTest" time="6.589" tests="1" errors="0" skipped="0" failures="0">
  <properties>
[...]
</properties>
  <testcase name="testBestMove(String, List, Integer)[1]" classname="julius.game.chessengine.ai.BestMoveSearchTest" time="6.423">
    <system-out><![CDATA[20:11:12.939 [main] INFO julius.game.chessengine.ai.SearchConcurrencyPlanner -- Search concurrency plan: availableProcessors=24, searchThreads=16 (user), lazySmpThreads=8 (user), rootParallelLimit=72 (user), ttMb=256 (user)
20:11:13.090 [main] INFO julius.game.chessengine.ai.SearchConcurrencyPlanner -- Search concurrency plan: availableProcessors=24, searchThreads=16 (user), lazySmpThreads=8 (user), rootParallelLimit=72 (user), ttMb=256 (user)
20:11:13.123 [main] INFO julius.game.chessengine.tuning.EngineTuningBootstrap -- Loaded 1 tuning configurations from classpath:tuning/seed-tunings.yaml
20:11:13.159 [main] INFO julius.game.chessengine.tuning.EngineTuningBootstrap -- Applied engine tuning "v3.8.2-v3f_bishopAtk9" from classpath:tuning/seed-tunings.yaml (1 configurations available).
20:11:14.592 [main] INFO julius.game.chessengine.ai.OpeningBookLoader -- Loaded opening book from cache (360 entries)
20:11:14.614 [main] INFO julius.game.chessengine.ai.OpeningBook -- Opening book initialised with 131 unique positions (cache hit)
20:11:14.636 [main] INFO julius.game.chessengine.ai.SearchConcurrencyPlanner -- Search concurrency plan: availableProcessors=24, searchThreads=16 (user), lazySmpThreads=8 (user), rootParallelLimit=72 (user), ttMb=256 (user)
20:11:14.727 [main] INFO julius.game.chessengine.ai.AI -- ### SearchThreads = 16, LazySmpThreads = 8

=== Engine decision statistics ===
FEN: 3R4/8/P4pk1/rP4p1/8/8/1K6/8 w - - 3 65
Side to move: White
Expected best moves: [Kc1, Kc2, Kc3]
Baseline evaluation: +1.24 pawns
Search configuration: runtimeCores=24, searchThreads=16, lazySmpThreads=8, rootParallelLimit=72, ttSize=256 MB, multiThreaded=yes
Depth target: 8, deepest completed iteration: 8
Chosen move: Kc3 -> +1.39 pawns (Δ vs baseline: +0.15) [rank #3]
Engine top move: Rd7 -> +2.15 pawns (Δ vs chosen: -0.07)
Nodes visited: 553366, null-move prunes: 9630, search duration: 3102 ms
Top candidates by evaluation:
  1. Rd7 -> +2.15 pawns (Δ vs chosen: +0.76)
  2. Rh8 -> +2.11 pawns (Δ vs chosen: +0.72)
  3. Kc3 -> +2.08 pawns (Δ vs chosen: +0.69)
  4. Kc2 -> +2.07 pawns (Δ vs chosen: +0.68)
  5. Kc1 -> +1.91 pawns (Δ vs chosen: +0.52)
Expected move evaluations:
  Kc1 -> +1.91 pawns (Δ vs chosen: +0.52)
  Kc2 -> +2.07 pawns (Δ vs chosen: +0.68)
  Kc3 -> +2.08 pawns
Evaluation delta vs engine best: -0.07 pawns
Principal variation: Kc3 (+0.00 pawns) -> Ra4 (-1.39 pawns) -> Rd7 (+1.39 pawns) -> g4 (-1.39 pawns) -> Kb3 (+1.39 pawns) -> Ra1 (-1.39 pawns) -> Kc4 (+1.39 pawns)
==================================

[BMSTAT] {"environment":{"availableProcessors":24,"searchThreads":16,"lazySmpThreads":8,"rootParallelLimit":72,"ttMb":256,"multiThreaded":true},"fen":"3R4/8/P4pk1/rP4p1/8/8/1K6/8 w - - 3 65","side":"w","expected":["Kc1","Kc2","Kc3"],"chosen":"Kc3","chosenScore":1.39,"best":"Rd7","bestScore":2.15,"baseline":1.24,"cpLoss":0.07,"cpGain":0.15,"rank":3,"nodes":553366,"nullMoves":9630,"durationMs":3102,"topCandidates":[{"move":"Rd7","score":2.15},{"move":"Rh8","score":2.11},{"move":"Kc3","score":2.08},{"move":"Kc2","score":2.07},{"move":"Kc1","score":1.91}],"expectedCandidates":[{"move":"Kc1","score":1.91},{"move":"Kc2","score":2.07},{"move":"Kc3","score":2.08}],"depthTarget":8,"depthReached":8,"pv":"Kc3 (+0.00 pawns) -> Ra4 (-1.39 pawns) -> Rd7 (+1.39 pawns) -> g4 (-1.39 pawns) -> Kb3 (+1.39 pawns) -> Ra1 (-1.39 pawns) -> Kc4 (+1.39 pawns)"}

================ Best Move Search Diagnostic ================
FEN: 3R4/8/P4pk1/rP4p1/8/8/1K6/8 w - - 3 65
Expected best moves: Kc1, Kc2, Kc3
Depth coverage: target=8, deepestCompleted=8, iterations=8
Search result: Kc3 [b2c3] (score=1.39)
Principal variation: Kc3 [b2c3] → Ra4 [a5a4] → Rd7 [d8d7] → g4 [g5g4] → Kb3 [c3b3] → Ra1 [a4a1] → Kc4 [b3c4]
Nodes visited: 553366
Null moves tried: 9630
Elapsed wall-clock: 3102 ms

-- Iterative deepening overview --
Depth  1 (attempt 1, white to move, window=[-Infinity, Infinity])
  #01 Kc2 [b2c2] * | nodes=1      time=64295µs | window [-Infinity, Infinity] → [-Infinity, Infinity] | result=-3.87 (via alphaBeta)
  #02 Kc1 [b2c1] * | nodes=1      time=1087µs | window [-3.87, Infinity] → [-3.87, Infinity] | result=-3.74 (via alphaBeta)
  #03 Kb1 [b2b1]   | nodes=1      time=2383µs | window [-3.74, Infinity] → [-3.74, Infinity] | result=-3.74 (via alphaBeta)
  #04 Rh8 [d8h8]   | nodes=1      time=2953µs | window [-3.74, Infinity] → [-3.74, Infinity] | result=-2.87 (via alphaBeta)
  #05 Rg8 [d8g8]   | nodes=1      time=2049µs | window [-2.87, Infinity] → [-2.87, Infinity] | result=0.95 (via alphaBeta)
  #06 Rf8 [d8f8]   | nodes=1      time=1993µs | window [0.95, Infinity] → [0.95, Infinity] | result=-3.73 (via alphaBeta)
  #07 Re8 [d8e8]   | nodes=1      time=1421µs | window [0.95, Infinity] → [0.95, Infinity] | result=-3.74 (via alphaBeta)
  #08 Rc8 [d8c8]   | nodes=1      time=1358µs | window [0.95, Infinity] → [0.95, Infinity] | result=-3.80 (via alphaBeta)
  #09 Rb8 [d8b8]   | nodes=1      time=1401µs | window [0.95, Infinity] → [0.95, Infinity] | result=0.02 (via alphaBeta)
  #10 Ra8 [d8a8]   | nodes=1      time=1696µs | window [0.95, Infinity] → [0.95, Infinity] | result=-5.16 (via alphaBeta)
  #11 Rd7 [d8d7]   | nodes=1      time=1100µs | window [0.95, Infinity] → [0.95, Infinity] | result=-2.83 (via alphaBeta)
  #12 Rd6 [d8d6]   | nodes=1      time=1384µs | window [0.95, Infinity] → [0.95, Infinity] | result=-3.83 (via alphaBeta)
  #13 Rd5 [d8d5]   | nodes=1      time= 639µs | window [0.95, Infinity] → [0.95, Infinity] | result=1.68 (via alphaBeta)
  #14 Rd4 [d8d4]   | nodes=1      time=2066µs | window [1.68, Infinity] → [1.68, Infinity] | result=-3.59 (via alphaBeta)
  #15 Rd3 [d8d3]   | nodes=1      time=3463µs | window [1.68, Infinity] → [1.68, Infinity] | result=-3.12 (via alphaBeta)
  #16 Rd2 [d8d2]   | nodes=1      time=4092µs | window [1.68, Infinity] → [1.68, Infinity] | result=-3.74 (via alphaBeta)
  #17 Rd1 [d8d1]   | nodes=1      time=1418µs | window [1.68, Infinity] → [1.68, Infinity] | result=-3.86 (via alphaBeta)
  #18 a7 [a6a7]    | nodes=1      time= 864µs | window [1.68, Infinity] → [1.68, Infinity] | result=-4.41 (via alphaBeta)
  #19 b6 [b5b6]    | nodes=1      time= 319µs | window [1.68, Infinity] → [1.68, Infinity] | result=-3.46 (via alphaBeta)
  #20 Kc3 [b2c3] * | nodes=1      time= 186µs | window [1.68, Infinity] → [1.68, Infinity] | result=-3.86 (via alphaBeta)
  #21 Kb3 [b2b3]   | nodes=1      time= 727µs | window [1.68, Infinity] → [1.68, Infinity] | result=-2.93 (via alphaBeta)
  Best so far: Rd5 [d8d5] score=1.68
  Final window: [1.68, Infinity] after 132 ms
Depth  2 (attempt 1, white to move, window=[-Infinity, Infinity])
  #01 Kc3 [b2c3] * | nodes=16     time=23332µs | window [-Infinity, Infinity] → [-Infinity, Infinity] | result=-3.86 (via alphaBeta)
  #02 Kb3 [b2b3]   | nodes=22     time=3465µs | window [-3.86, Infinity] → [-3.86, Infinity] | result=-2.93 (via alphaBeta)
  #03 Kc2 [b2c2] * | nodes=2      time= 396µs | window [-2.93, Infinity] → [-2.93, Infinity] | result=-3.87 (via alphaBeta)
  #04 Kc1 [b2c1] * | nodes=2      time= 145µs | window [-2.93, Infinity] → [-2.93, Infinity] | result=-3.74 (via alphaBeta)
  #05 Kb1 [b2b1]   | nodes=6      time= 464µs | window [-2.93, Infinity] → [-2.93, Infinity] | result=-3.74 (via alphaBeta)
  #06 Rh8 [d8h8]   | nodes=19     time=1545µs | window [-2.93, Infinity] → [-2.93, Infinity] | result=-2.87 (via alphaBeta)
  #07 Rg8 [d8g8]   | nodes=7      time=1082µs | window [-2.87, Infinity] → [-2.87, Infinity] | result=0.95 (via alphaBeta)
  #08 Rf8 [d8f8]   | nodes=8      time=1292µs | window [0.95, Infinity] → [0.95, Infinity] | result=-3.73 (via alphaBeta)
  #09 Re8 [d8e8]   | nodes=8      time= 342µs | window [0.95, Infinity] → [0.95, Infinity] | result=-3.74 (via alphaBeta)
  #10 Rc8 [d8c8]   | nodes=8      time= 679µs | window [0.95, Infinity] → [0.95, Infinity] | result=-3.80 (via alphaBeta)
  #11 Rb8 [d8b8]   | nodes=3      time= 196µs | window [0.95, Infinity] → [0.95, Infinity] | result=0.92 (via alphaBeta)
  #12 Ra8 [d8a8]   | nodes=8      time= 314µs | window [0.95, Infinity] → [0.95, Infinity] | result=-5.16 (via alphaBeta)
  #13 Rd7 [d8d7]   | nodes=8      time= 320µs | window [0.95, Infinity] → [0.95, Infinity] | result=-2.83 (via alphaBeta)
  #14 Rd6 [d8d6]   | nodes=8      time= 317µs | window [0.95, Infinity] → [0.95, Infinity] | result=-3.83 (via alphaBeta)
  #15 Rd5 [d8d5]   | nodes=7      time=1377µs | window [0.95, Infinity] → [0.95, Infinity] | result=0.86 (via alphaBeta)
  #16 Rd4 [d8d4]   | nodes=9      time= 725µs | window [0.95, Infinity] → [0.95, Infinity] | result=-3.59 (via alphaBeta)
  #17 Rd3 [d8d3]   | nodes=9      time= 519µs | window [0.95, Infinity] → [0.95, Infinity] | result=-3.12 (via alphaBeta)
  #18 Rd2 [d8d2]   | nodes=8      time= 261µs | window [0.95, Infinity] → [0.95, Infinity] | result=-3.74 (via alphaBeta)
  #19 Rd1 [d8d1]   | nodes=8      time= 226µs | window [0.95, Infinity] → [0.95, Infinity] | result=-3.86 (via alphaBeta)
  #20 a7 [a6a7]    | nodes=2      time= 197µs | window [0.95, Infinity] → [0.95, Infinity] | result=-4.41 (via alphaBeta)
  #21 b6 [b5b6]    | nodes=2      time= 157µs | window [0.95, Infinity] → [0.95, Infinity] | result=-3.46 (via alphaBeta)
  Best so far: Rg8 [d8g8] score=0.95
  Final window: [0.95, Infinity] after 37 ms
Depth  3 (attempt 1, white to move, window=[-11.00, 13.00])
  #01 Kc3 [b2c3] * | nodes=65     time=5124µs | window [-11.00, 13.00] → [-11.00, 13.00] | result=-2.96 (via alphaBeta)
  #02 Kb3 [b2b3]   | nodes=25     time=2096µs | window [-2.96, 13.00] → [-2.96, 13.00] | result=-3.91 (via alphaBeta)
  #03 Kc2 [b2c2] * | nodes=18     time= 818µs | window [-2.96, 13.00] → [-2.96, 13.00] | result=-2.97 (via alphaBeta)
  #04 Kc1 [b2c1] * | nodes=81     time=4788µs | window [-2.96, 13.00] → [-2.96, 13.00] | result=-2.83 (via alphaBeta)
  #05 Kb1 [b2b1]   | nodes=8      time= 185µs | window [-2.83, 13.00] → [-2.83, 13.00] | result=-3.80 (via alphaBeta)
  #06 Rh8 [d8h8]   | nodes=14     time= 702µs | window [-2.83, 13.00] → [-2.83, 13.00] | result=-2.94 (via alphaBeta)
  #07 Rg8 [d8g8]   | nodes=52     time=6672µs | window [-2.83, 13.00] → [-2.83, 13.00] | result=0.92 (via alphaBeta)
  #08 Rf8 [d8f8]   | nodes=14     time= 893µs | window [0.92, 13.00] → [0.92, 13.00] | result=-3.79 (via alphaBeta)
  #09 Re8 [d8e8]   | nodes=14     time= 256µs | window [0.92, 13.00] → [0.92, 13.00] | result=-3.79 (via alphaBeta)
  #10 Rc8 [d8c8]   | nodes=14     time= 489µs | window [0.92, 13.00] → [0.92, 13.00] | result=-3.87 (via alphaBeta)
  #11 Rb8 [d8b8]   | nodes=98     time=5418µs | window [0.92, 13.00] → [0.92, 13.00] | result=0.78 (via alphaBeta)
  #12 Ra8 [d8a8]   | nodes=14     time= 513µs | window [0.92, 13.00] → [0.92, 13.00] | result=-4.14 (via alphaBeta)
  #13 Rd7 [d8d7]   | nodes=14     time= 529µs | window [0.92, 13.00] → [0.92, 13.00] | result=-2.90 (via alphaBeta)
  #14 Rd6 [d8d6]   | nodes=20     time= 775µs | window [0.92, 13.00] → [0.92, 13.00] | result=0.87 (via alphaBeta)
  #15 Rd5 [d8d5]   | nodes=81     time=2586µs | window [0.92, 13.00] → [0.92, 13.00] | result=1.62 (via alphaBeta)
  #16 Rd4 [d8d4]   | nodes=22     time= 568µs | window [1.62, 13.00] → [1.62, 13.00] | result=-3.18 (via alphaBeta)
  #17 Rd3 [d8d3]   | nodes=21     time= 448µs | window [1.62, 13.00] → [1.62, 13.00] | result=-3.12 (via alphaBeta)
  #18 Rd2 [d8d2]   | nodes=14     time= 346µs | window [1.62, 13.00] → [1.62, 13.00] | result=-3.33 (via alphaBeta)
  #19 Rd1 [d8d1]   | nodes=14     time= 400µs | window [1.62, 13.00] → [1.62, 13.00] | result=-3.45 (via alphaBeta)
  #20 a7 [a6a7]    | nodes=18     time= 488µs | window [1.62, 13.00] → [1.62, 13.00] | result=-3.18 (via alphaBeta)
  #21 b6 [b5b6]    | nodes=18     time=1688µs | window [1.62, 13.00] → [1.62, 13.00] | result=-3.46 (via alphaBeta)
  Best so far: Rd5 [d8d5] score=1.62
  Final window: [1.62, 13.00] after 36 ms
Depth  4 (attempt 1, white to move, window=[-9.00, 13.00])
  #01 Rg8 [d8g8]   | nodes=161    time=5516µs | window [-9.00, 13.00] → [-9.00, 13.00] | result=0.02 (via alphaBeta)
  #02 Kb3 [b2b3]   | nodes=110    time=4457µs | window [0.02, 13.00] → [0.02, 13.00] | result=-2.59 (via alphaBeta)
  #03 Kc2 [b2c2] * | nodes=68     time=5275µs | window [0.02, 13.00] → [0.02, 13.00] | result=-2.86 (via alphaBeta)
  #04 Kc1 [b2c1] * | nodes=46     time=1215µs | window [0.02, 13.00] → [0.02, 13.00] | result=-2.72 (via alphaBeta)
  #05 Kb1 [b2b1]   | nodes=40     time=1256µs | window [0.02, 13.00] → [0.02, 13.00] | result=-3.97 (via alphaBeta)
  #06 Rh8 [d8h8]   | nodes=110    time=3135µs | window [0.02, 13.00] → [0.02, 13.00] | result=-3.97 (via alphaBeta)
  #07 Rf8 [d8f8]   | nodes=98     time=1718µs | window [0.02, 13.00] → [0.02, 13.00] | result=-3.17 (via alphaBeta)
  #08 Re8 [d8e8]   | nodes=104    time=2385µs | window [0.02, 13.00] → [0.02, 13.00] | result=-3.97 (via alphaBeta)
  #09 Rc8 [d8c8]   | nodes=104    time=3351µs | window [0.02, 13.00] → [0.02, 13.00] | result=-3.97 (via alphaBeta)
  #10 Rb8 [d8b8]   | nodes=537    time=12566µs | window [0.02, 13.00] → [0.02, 13.00] | result=0.02 (via alphaBeta)
  #11 Ra8 [d8a8]   | nodes=96     time=1053µs | window [0.02, 13.00] → [0.02, 13.00] | result=-2.72 (via alphaBeta)
  #12 Rd7 [d8d7]   | nodes=110    time=1708µs | window [0.02, 13.00] → [0.02, 13.00] | result=-4.57 (via alphaBeta)
  #13 Rd6 [d8d6]   | nodes=224    time=3011µs | window [0.02, 13.00] → [0.02, 13.00] | result=-2.61 (via alphaBeta)
  #14 Rd5 [d8d5]   | nodes=649    time=17084µs | window [0.02, 13.00] → [0.02, 13.00] | result=0.69 (via alphaBeta)
  #15 Rd4 [d8d4]   | nodes=124    time=1238µs | window [0.69, 13.00] → [0.69, 13.00] | result=-2.51 (via alphaBeta)
  #16 Rd3 [d8d3]   | nodes=122    time=1670µs | window [0.69, 13.00] → [0.69, 13.00] | result=-2.52 (via alphaBeta)
  #17 Rd2 [d8d2]   | nodes=110    time=1520µs | window [0.69, 13.00] → [0.69, 13.00] | result=-2.52 (via alphaBeta)
  #18 Rd1 [d8d1]   | nodes=109    time= 919µs | window [0.69, 13.00] → [0.69, 13.00] | result=-2.52 (via alphaBeta)
  #19 a7 [a6a7]    | nodes=71     time= 708µs | window [0.69, 13.00] → [0.69, 13.00] | result=0.45 (via alphaBeta)
  #20 b6 [b5b6]    | nodes=151    time=2371µs | window [0.69, 13.00] → [0.69, 13.00] | result=-3.41 (via alphaBeta)
  #21 Kc3 [b2c3] * | nodes=55     time= 759µs | window [0.69, 13.00] → [0.69, 13.00] | result=-2.67 (via alphaBeta)
  Best so far: Rd5 [d8d5] score=0.69
  Final window: [0.69, 13.00] after 73 ms
Depth  5 (attempt 1, white to move, window=[-10.00, 12.00])
  #01 b6 [b5b6]    | nodes=2713   time=36190µs | window [-10.00, 12.00] → [-10.00, 12.00] | result=-3.18 (via alphaBeta)
  #02 Kc3 [b2c3] * | nodes=3351   time=41787µs | window [-3.18, 12.00] → [-3.18, 12.00] | result=1.25 (via alphaBeta)
  #03 Kb3 [b2b3]   | nodes=170    time=1299µs | window [1.25, 12.00] → [1.25, 12.00] | result=-2.59 (via alphaBeta)
  #04 Kc2 [b2c2] * | nodes=70     time= 329µs | window [1.25, 12.00] → [1.25, 12.00] | result=-0.12 (via alphaBeta)
  #05 Kc1 [b2c1] * | nodes=57     time= 262µs | window [1.25, 12.00] → [1.25, 12.00] | result=0.02 (via alphaBeta)
  #06 Kb1 [b2b1]   | nodes=8      time=  43µs | window [1.25, 12.00] → [1.25, 12.00] | result=-3.18 (via alphaBeta)
  #07 Rh8 [d8h8]   | nodes=275    time=1689µs | window [1.25, 12.00] → [1.25, 12.00] | result=-2.31 (via alphaBeta)
  #08 Rg8 [d8g8]   | nodes=225    time=1549µs | window [1.25, 12.00] → [1.25, 12.00] | result=0.92 (via alphaBeta)
  #09 Rf8 [d8f8]   | nodes=189    time=1159µs | window [1.25, 12.00] → [1.25, 12.00] | result=0.68 (via alphaBeta)
  #10 Re8 [d8e8]   | nodes=267    time=1799µs | window [1.25, 12.00] → [1.25, 12.00] | result=-3.18 (via alphaBeta)
  #11 Rc8 [d8c8]   | nodes=816    time=6596µs | window [1.25, 12.00] → [1.25, 12.00] | result=-0.43 (via alphaBeta)
  #12 Rb8 [d8b8]   | nodes=122    time= 717µs | window [1.25, 12.00] → [1.25, 12.00] | result=0.92 (via alphaBeta)
  #13 Ra8 [d8a8]   | nodes=208    time=1268µs | window [1.25, 12.00] → [1.25, 12.00] | result=-2.71 (via alphaBeta)
  #14 Rd7 [d8d7]   | nodes=199    time=1483µs | window [1.25, 12.00] → [1.25, 12.00] | result=-1.59 (via alphaBeta)
  #15 Rd6 [d8d6]   | nodes=366    time=3716µs | window [1.25, 12.00] → [1.25, 12.00] | result=-0.55 (via alphaBeta)
  #16 Rd5 [d8d5]   | nodes=1147   time=38686µs | window [1.25, 12.00] → [1.25, 12.00] | result=1.16 (via alphaBeta)
  #17 Rd4 [d8d4]   | nodes=434    time=2337µs | window [1.25, 12.00] → [1.25, 12.00] | result=0.66 (via alphaBeta)
  #18 Rd3 [d8d3]   | nodes=354    time=2583µs | window [1.25, 12.00] → [1.25, 12.00] | result=-2.03 (via alphaBeta)
  #19 Rd2 [d8d2]   | nodes=313    time=1569µs | window [1.25, 12.00] → [1.25, 12.00] | result=-2.03 (via alphaBeta)
  #20 Rd1 [d8d1]   | nodes=307    time=2386µs | window [1.25, 12.00] → [1.25, 12.00] | result=-2.03 (via alphaBeta)
  #21 a7 [a6a7]    | nodes=145    time=1058µs | window [1.25, 12.00] → [1.25, 12.00] | result=0.45 (via alphaBeta)
  Best so far: Kc3 [b2c3] score=1.25
  Final window: [1.25, 12.00] after 148 ms
Depth  6 (attempt 1, white to move, window=[-10.00, 12.00])
  #01 Rh8 [d8h8]   | nodes=6385   time=53724µs | window [-10.00, 12.00] → [-10.00, 12.00] | result=-3.79 (via alphaBeta)
  #02 Kc3 [b2c3] * | nodes=18383  time=113664µs | window [-3.79, 12.00] → [-3.79, 12.00] | result=1.32 (via alphaBeta)
  #03 Rg8 [d8g8]   | nodes=973    time=5724µs | window [1.32, 12.00] → [1.32, 12.00] | result=1.06 (via alphaBeta)
  #04 Rb8 [d8b8]   | nodes=935    time=4922µs | window [1.32, 12.00] → [1.32, 12.00] | result=1.17 (via alphaBeta)
  #05 a7 [a6a7]    | nodes=491    time=1674µs | window [1.32, 12.00] → [1.32, 12.00] | result=1.16 (via alphaBeta)
  #06 Kb3 [b2b3]   | nodes=1002   time=4833µs | window [1.32, 12.00] → [1.32, 12.00] | result=0.92 (via alphaBeta)
  #07 Rd7 [d8d7]   | nodes=754    time=3248µs | window [1.32, 12.00] → [1.32, 12.00] | result=-0.53 (via alphaBeta)
  #08 Rd6 [d8d6]   | nodes=972    time=8653µs | window [1.32, 12.00] → [1.32, 12.00] | result=1.31 (via alphaBeta)
  #09 Kc2 [b2c2] * | nodes=5618   time=37233µs | window [1.32, 12.00] → [1.32, 12.00] | result=1.25 (via alphaBeta)
  #10 Kc1 [b2c1] * | nodes=2689   time=16133µs | window [1.32, 12.00] → [1.32, 12.00] | result=1.29 (via alphaBeta)
  #11 Kb1 [b2b1]   | nodes=582    time=3616µs | window [1.32, 12.00] → [1.32, 12.00] | result=0.67 (via alphaBeta)
  #12 Rf8 [d8f8]   | nodes=447    time=2371µs | window [1.32, 12.00] → [1.32, 12.00] | result=0.05 (via alphaBeta)
  #13 Re8 [d8e8]   | nodes=282    time=1089µs | window [1.32, 12.00] → [1.32, 12.00] | result=0.05 (via alphaBeta)
  #14 Rc8 [d8c8]   | nodes=663    time=2678µs | window [1.32, 12.00] → [1.32, 12.00] | result=-0.20 (via alphaBeta)
  #15 Ra8 [d8a8]   | nodes=735    time=4051µs | window [1.32, 12.00] → [1.32, 12.00] | result=0.19 (via alphaBeta)
  #16 Rd5 [d8d5]   | nodes=1353   time=8343µs | window [1.32, 12.00] → [1.32, 12.00] | result=1.29 (via alphaBeta)
  #17 Rd4 [d8d4]   | nodes=417    time=1692µs | window [1.32, 12.00] → [1.32, 12.00] | result=1.31 (via alphaBeta)
  #18 Rd3 [d8d3]   | nodes=704    time=2672µs | window [1.32, 12.00] → [1.32, 12.00] | result=1.31 (via alphaBeta)
  #19 Rd2 [d8d2]   | nodes=334    time=1773µs | window [1.32, 12.00] → [1.32, 12.00] | result=1.31 (via alphaBeta)
  #20 Rd1 [d8d1]   | nodes=323    time=1096µs | window [1.32, 12.00] → [1.32, 12.00] | result=1.31 (via alphaBeta)
  #21 b6 [b5b6]    | nodes=8424   time=54827µs | window [1.32, 12.00] → [1.32, 12.00] | result=-0.62 (via alphaBeta)
  Best so far: Kc3 [b2c3] score=1.32
  Final window: [1.32, 12.00] after 335 ms
Depth  7 (attempt 1, white to move, window=[-10.00, 12.00])
  #01 Kc3 [b2c3] * | nodes=35460  time=191462µs | window [-10.00, 12.00] → [-10.00, 12.00] | result=1.36 (via alphaBeta)
  #02 b6 [b5b6]    | nodes=2356   time=10248µs | window [1.36, 12.00] → [1.36, 12.00] | result=0.68 (via alphaBeta)
  #03 a7 [a6a7]    | nodes=1437   time=5188µs | window [1.36, 12.00] → [1.36, 12.00] | result=1.29 (via alphaBeta)
  #04 Rh8 [d8h8]   | nodes=6190   time=31899µs | window [1.36, 12.00] → [1.36, 12.00] | result=1.28 (via alphaBeta)
  #05 Rg8 [d8g8]   | nodes=3590   time=24343µs | window [1.36, 12.00] → [1.36, 12.00] | result=0.97 (via alphaBeta)
  #06 Rd7 [d8d7]   | nodes=2072   time=6387µs | window [1.36, 12.00] → [1.36, 12.00] | result=1.36 (via alphaBeta)
  #07 Rb8 [d8b8]   | nodes=2734   time=13156µs | window [1.36, 12.00] → [1.36, 12.00] | result=1.36 (via alphaBeta)
  #08 Rd6 [d8d6]   | nodes=2990   time=13762µs | window [1.36, 12.00] → [1.36, 12.00] | result=1.36 (via alphaBeta)
  #09 Kb3 [b2b3]   | nodes=1559   time=4704µs | window [1.36, 12.00] → [1.36, 12.00] | result=0.68 (via alphaBeta)
  #10 Rd5 [d8d5]   | nodes=4937   time=23362µs | window [1.36, 12.00] → [1.36, 12.00] | result=1.36 (via alphaBeta)
  #11 Kc2 [b2c2] * | nodes=3567   time=14460µs | window [1.36, 12.00] → [1.36, 12.00] | result=1.29 (via alphaBeta)
  #12 Rd4 [d8d4]   | nodes=3641   time=18613µs | window [1.36, 12.00] → [1.36, 12.00] | result=1.36 (via alphaBeta)
  #13 Kc1 [b2c1] * | nodes=3969   time=18159µs | window [1.36, 12.00] → [1.36, 12.00] | result=1.30 (via alphaBeta)
  #14 Kb1 [b2b1]   | nodes=139    time= 391µs | window [1.36, 12.00] → [1.36, 12.00] | result=0.67 (via alphaBeta)
  #15 Rf8 [d8f8]   | nodes=2334   time=11936µs | window [1.36, 12.00] → [1.36, 12.00] | result=0.70 (via alphaBeta)
  #16 Re8 [d8e8]   | nodes=3001   time=12357µs | window [1.36, 12.00] → [1.36, 12.00] | result=1.17 (via alphaBeta)
  #17 Rc8 [d8c8]   | nodes=4186   time=16270µs | window [1.36, 12.00] → [1.36, 12.00] | result=1.18 (via alphaBeta)
  #18 Ra8 [d8a8]   | nodes=1837   time=6276µs | window [1.36, 12.00] → [1.36, 12.00] | result=1.36 (via alphaBeta)
  #19 Rd3 [d8d3]   | nodes=3006   time=12008µs | window [1.36, 12.00] → [1.36, 12.00] | result=1.36 (via alphaBeta)
  #20 Rd2 [d8d2]   | nodes=1786   time=6765µs | window [1.36, 12.00] → [1.36, 12.00] | result=1.36 (via alphaBeta)
  #21 Rd1 [d8d1]   | nodes=1051   time=3272µs | window [1.36, 12.00] → [1.36, 12.00] | result=1.36 (via alphaBeta)
  Best so far: Kc3 [b2c3] score=1.36
  Final window: [1.36, 12.00] after 447 ms
Depth  8 (attempt 1, white to move, window=[-10.00, 12.00])
  #01 Kc3 [b2c3] * | nodes=196442 time=934635µs | window [-10.00, 12.00] → [-10.00, 12.00] | result=1.39 (via alphaBeta)
  #02 b6 [b5b6]    | nodes=6519   time=20022µs | window [1.39, 12.00] → [1.39, 12.00] | result=1.39 (via alphaBeta)
  #03 a7 [a6a7]    | nodes=3788   time=17191µs | window [1.39, 12.00] → [1.39, 12.00] | result=1.29 (via alphaBeta)
  #04 Rh8 [d8h8]   | nodes=8874   time=31776µs | window [1.39, 12.00] → [1.39, 12.00] | result=1.39 (via alphaBeta)
  #05 Rg8 [d8g8]   | nodes=5341   time=22274µs | window [1.39, 12.00] → [1.39, 12.00] | result=1.39 (via alphaBeta)
  #06 Rd7 [d8d7]   | nodes=4934   time=17821µs | window [1.39, 12.00] → [1.39, 12.00] | result=1.39 (via alphaBeta)
  #07 Rd4 [d8d4]   | nodes=5906   time=23688µs | window [1.39, 12.00] → [1.39, 12.00] | result=1.39 (via alphaBeta)
  #08 Rd6 [d8d6]   | nodes=10412  time=48945µs | window [1.39, 12.00] → [1.39, 12.00] | result=1.39 (via alphaBeta)
  #09 Rb8 [d8b8]   | nodes=68132  time=281357µs | window [1.39, 12.00] → [1.39, 12.00] | result=0.79 (via alphaBeta)
  #10 Kb3 [b2b3]   | nodes=3008   time=9227µs | window [1.39, 12.00] → [1.39, 12.00] | result=1.18 (via alphaBeta)
  #11 Kc2 [b2c2] * | nodes=22008  time=126598µs | window [1.39, 12.00] → [1.39, 12.00] | result=1.39 (via alphaBeta)
  #12 Rd2 [d8d2]   | nodes=3356   time=12379µs | window [1.39, 12.00] → [1.39, 12.00] | result=1.39 (via alphaBeta)
  #13 Kb1 [b2b1]   | nodes=194    time= 514µs | window [1.39, 12.00] → [1.39, 12.00] | result=0.74 (via alphaBeta)
  #14 Rd5 [d8d5]   | nodes=15058  time=72097µs | window [1.39, 12.00] → [1.39, 12.00] | result=1.37 (via alphaBeta)
  #15 Kc1 [b2c1] * | nodes=12496  time=66086µs | window [1.39, 12.00] → [1.39, 12.00] | result=1.39 (via alphaBeta)
  #16 Rf8 [d8f8]   | nodes=13786  time=71556µs | window [1.39, 12.00] → [1.39, 12.00] | result=0.83 (via alphaBeta)
  #17 Re8 [d8e8]   | nodes=1778   time=5822µs | window [1.39, 12.00] → [1.39, 12.00] | result=1.17 (via alphaBeta)
  #18 Rc8 [d8c8]   | nodes=1613   time=4438µs | window [1.39, 12.00] → [1.39, 12.00] | result=1.18 (via alphaBeta)
  #19 Ra8 [d8a8]   | nodes=3288   time=10848µs | window [1.39, 12.00] → [1.39, 12.00] | result=1.39 (via alphaBeta)
  #20 Rd3 [d8d3]   | nodes=3809   time=12674µs | window [1.39, 12.00] → [1.39, 12.00] | result=1.39 (via alphaBeta)
  #21 Rd1 [d8d1]   | nodes=2551   time=7427µs | window [1.39, 12.00] → [1.39, 12.00] | result=1.39 (via alphaBeta)
  Best so far: Kc3 [b2c3] score=1.39
  Final window: [1.39, 12.00] after 1798 ms

-- Transposition table lookups for expected moves --
Kc1  → TT depth=7 score=1.39 type=UPPERBOUND bestMove=f5 [f6f5]
Kc2  → TT depth=7 score=1.39 type=UPPERBOUND bestMove=f5 [f6f5]
Kc3  → TT depth=7 score=1.39 type=EXACT bestMove=Ra4 [a5a4]
========================================================

]]></system-out>
  </testcase>
</testsuite>